{"src\\app\\js\\flickrItems\\FlickrItems.js":{"path":"src\\app\\js\\flickrItems\\FlickrItems.js","s":{"1":1,"2":1},"b":{},"f":{"1":1},"fnMap":{"1":{"name":"(anonymous_1)","line":1,"loc":{"start":{"line":1,"column":1},"end":{"line":1,"column":11}}}},"statementMap":{"1":{"start":{"line":1,"column":0},"end":{"line":8,"column":5}},"2":{"start":{"line":5,"column":2},"end":{"line":5,"column":50}}},"branchMap":{}},"src\\app\\js\\flickrItems\\FlickrItemController.js":{"path":"src\\app\\js\\flickrItems\\FlickrItemController.js","s":{"1":1,"2":1,"3":1,"4":0,"5":0,"6":0,"7":0,"8":0,"9":0,"10":0,"11":0,"12":1,"13":0,"14":0,"15":1,"16":0,"17":0,"18":0,"19":0,"20":1,"21":0,"22":0,"23":0,"24":0,"25":0,"26":0,"27":0,"28":0,"29":0,"30":0,"31":1,"32":0,"33":0,"34":0,"35":1,"36":0,"37":0,"38":0,"39":0,"40":0,"41":0},"b":{"1":[0,0]},"f":{"1":1,"2":0,"3":0,"4":0,"5":0,"6":0,"7":0,"8":0,"9":0,"10":0,"11":0,"12":0,"13":0,"14":0,"15":0},"fnMap":{"1":{"name":"(anonymous_1)","line":1,"loc":{"start":{"line":1,"column":1},"end":{"line":1,"column":11}}},"2":{"name":"FlickrItemController","line":17,"loc":{"start":{"line":17,"column":2},"end":{"line":17,"column":88}}},"3":{"name":"searchTags","line":36,"loc":{"start":{"line":36,"column":4},"end":{"line":36,"column":26}}},"4":{"name":"(anonymous_4)","line":39,"loc":{"start":{"line":39,"column":15},"end":{"line":39,"column":33}}},"5":{"name":"showItemDetails","line":49,"loc":{"start":{"line":49,"column":4},"end":{"line":49,"column":43}}},"6":{"name":"(anonymous_6)","line":59,"loc":{"start":{"line":59,"column":16},"end":{"line":59,"column":40}}},"7":{"name":"DetailsPanelController","line":69,"loc":{"start":{"line":69,"column":8},"end":{"line":69,"column":56}}},"8":{"name":"(anonymous_8)","line":79,"loc":{"start":{"line":79,"column":31},"end":{"line":79,"column":48}}},"9":{"name":"(anonymous_9)","line":83,"loc":{"start":{"line":83,"column":24},"end":{"line":83,"column":38}}},"10":{"name":"(anonymous_10)","line":89,"loc":{"start":{"line":89,"column":23},"end":{"line":89,"column":34}}},"11":{"name":"showTagSearch","line":98,"loc":{"start":{"line":98,"column":4},"end":{"line":98,"column":29}}},"12":{"name":"(anonymous_12)","line":109,"loc":{"start":{"line":109,"column":17},"end":{"line":109,"column":27}}},"13":{"name":"TagsSearchController","line":117,"loc":{"start":{"line":117,"column":6},"end":{"line":117,"column":46}}},"14":{"name":"(anonymous_14)","line":121,"loc":{"start":{"line":121,"column":22},"end":{"line":121,"column":33}}},"15":{"name":"(anonymous_15)","line":126,"loc":{"start":{"line":126,"column":21},"end":{"line":126,"column":32}}}},"statementMap":{"1":{"start":{"line":1,"column":0},"end":{"line":134,"column":5}},"2":{"start":{"line":3,"column":2},"end":{"line":8,"column":10}},"3":{"start":{"line":17,"column":2},"end":{"line":132,"column":3}},"4":{"start":{"line":18,"column":4},"end":{"line":18,"column":20}},"5":{"start":{"line":19,"column":4},"end":{"line":19,"column":33}},"6":{"start":{"line":20,"column":4},"end":{"line":20,"column":37}},"7":{"start":{"line":21,"column":4},"end":{"line":21,"column":32}},"8":{"start":{"line":22,"column":4},"end":{"line":22,"column":44}},"9":{"start":{"line":23,"column":4},"end":{"line":23,"column":42}},"10":{"start":{"line":24,"column":4},"end":{"line":24,"column":39}},"11":{"start":{"line":27,"column":4},"end":{"line":27,"column":22}},"12":{"start":{"line":36,"column":4},"end":{"line":42,"column":5}},"13":{"start":{"line":37,"column":6},"end":{"line":41,"column":11}},"14":{"start":{"line":40,"column":10},"end":{"line":40,"column":43}},"15":{"start":{"line":49,"column":4},"end":{"line":93,"column":5}},"16":{"start":{"line":50,"column":8},"end":{"line":50,"column":29}},"17":{"start":{"line":52,"column":8},"end":{"line":63,"column":11}},"18":{"start":{"line":60,"column":10},"end":{"line":62,"column":11}},"19":{"start":{"line":61,"column":12},"end":{"line":61,"column":58}},"20":{"start":{"line":69,"column":8},"end":{"line":92,"column":9}},"21":{"start":{"line":71,"column":10},"end":{"line":71,"column":27}},"22":{"start":{"line":72,"column":10},"end":{"line":77,"column":12}},"23":{"start":{"line":79,"column":10},"end":{"line":81,"column":12}},"24":{"start":{"line":80,"column":12},"end":{"line":80,"column":40}},"25":{"start":{"line":83,"column":10},"end":{"line":87,"column":12}},"26":{"start":{"line":84,"column":12},"end":{"line":84,"column":28}},"27":{"start":{"line":85,"column":12},"end":{"line":85,"column":30}},"28":{"start":{"line":86,"column":12},"end":{"line":86,"column":40}},"29":{"start":{"line":89,"column":10},"end":{"line":91,"column":12}},"30":{"start":{"line":90,"column":12},"end":{"line":90,"column":34}},"31":{"start":{"line":98,"column":4},"end":{"line":131,"column":5}},"32":{"start":{"line":100,"column":6},"end":{"line":107,"column":9}},"33":{"start":{"line":109,"column":6},"end":{"line":111,"column":12}},"34":{"start":{"line":110,"column":8},"end":{"line":110,"column":61}},"35":{"start":{"line":117,"column":6},"end":{"line":129,"column":7}},"36":{"start":{"line":119,"column":8},"end":{"line":119,"column":30}},"37":{"start":{"line":121,"column":8},"end":{"line":124,"column":10}},"38":{"start":{"line":122,"column":10},"end":{"line":122,"column":32}},"39":{"start":{"line":123,"column":10},"end":{"line":123,"column":28}},"40":{"start":{"line":126,"column":8},"end":{"line":128,"column":10}},"41":{"start":{"line":127,"column":10},"end":{"line":127,"column":26}}},"branchMap":{"1":{"line":60,"type":"if","locations":[{"start":{"line":60,"column":10},"end":{"line":60,"column":10}},{"start":{"line":60,"column":10},"end":{"line":60,"column":10}}]}}},"src\\app\\js\\flickrItems\\FlickrItemFilters.js":{"path":"src\\app\\js\\flickrItems\\FlickrItemFilters.js","s":{"1":1,"2":1,"3":4,"4":5,"5":2,"6":3,"7":3,"8":3,"9":2,"10":2,"11":1,"12":3,"13":0,"14":0,"15":0,"16":0,"17":0,"18":0,"19":0,"20":0,"21":0,"22":0,"23":0,"24":0,"25":0,"26":0,"27":0,"28":0,"29":0,"30":0,"31":0,"32":0,"33":0,"34":0,"35":0,"36":0,"37":0,"38":0,"39":0,"40":0,"41":0,"42":0,"43":0,"44":0,"45":0,"46":0,"47":0,"48":0,"49":0,"50":0,"51":0,"52":0,"53":0,"54":0},"b":{"1":[2,3],"2":[5,4],"3":[2,1],"4":[0,0],"5":[0,0],"6":[0,0],"7":[0,0],"8":[0,0],"9":[0,0],"10":[0,0],"11":[0,0],"12":[0,0],"13":[0,0]},"f":{"1":1,"2":4,"3":5,"4":0,"5":0,"6":0,"7":0,"8":0,"9":0,"10":0,"11":0,"12":0,"13":0,"14":0},"fnMap":{"1":{"name":"(anonymous_1)","line":1,"loc":{"start":{"line":1,"column":1},"end":{"line":1,"column":12}}},"2":{"name":"(anonymous_2)","line":7,"loc":{"start":{"line":7,"column":23},"end":{"line":7,"column":34}}},"3":{"name":"(anonymous_3)","line":9,"loc":{"start":{"line":9,"column":13},"end":{"line":9,"column":28}}},"4":{"name":"(anonymous_4)","line":36,"loc":{"start":{"line":36,"column":26},"end":{"line":36,"column":37}}},"5":{"name":"(anonymous_5)","line":38,"loc":{"start":{"line":38,"column":13},"end":{"line":38,"column":28}}},"6":{"name":"(anonymous_6)","line":57,"loc":{"start":{"line":57,"column":30},"end":{"line":57,"column":41}}},"7":{"name":"(anonymous_7)","line":59,"loc":{"start":{"line":59,"column":13},"end":{"line":59,"column":28}}},"8":{"name":"(anonymous_8)","line":79,"loc":{"start":{"line":79,"column":29},"end":{"line":79,"column":47}}},"9":{"name":"(anonymous_9)","line":81,"loc":{"start":{"line":81,"column":13},"end":{"line":81,"column":28}}},"10":{"name":"(anonymous_10)","line":102,"loc":{"start":{"line":102,"column":31},"end":{"line":102,"column":42}}},"11":{"name":"(anonymous_11)","line":104,"loc":{"start":{"line":104,"column":13},"end":{"line":104,"column":28}}},"12":{"name":"(anonymous_12)","line":126,"loc":{"start":{"line":126,"column":44},"end":{"line":126,"column":59}}},"13":{"name":"(anonymous_13)","line":143,"loc":{"start":{"line":143,"column":24},"end":{"line":143,"column":35}}},"14":{"name":"(anonymous_14)","line":145,"loc":{"start":{"line":145,"column":13},"end":{"line":145,"column":28}}}},"statementMap":{"1":{"start":{"line":1,"column":0},"end":{"line":158,"column":6}},"2":{"start":{"line":4,"column":2},"end":{"line":156,"column":7}},"3":{"start":{"line":9,"column":6},"end":{"line":31,"column":8}},"4":{"start":{"line":12,"column":8},"end":{"line":14,"column":9}},"5":{"start":{"line":13,"column":10},"end":{"line":13,"column":22}},"6":{"start":{"line":17,"column":8},"end":{"line":17,"column":33}},"7":{"start":{"line":18,"column":8},"end":{"line":18,"column":41}},"8":{"start":{"line":21,"column":8},"end":{"line":27,"column":9}},"9":{"start":{"line":22,"column":10},"end":{"line":22,"column":75}},"10":{"start":{"line":23,"column":10},"end":{"line":23,"column":25}},"11":{"start":{"line":26,"column":10},"end":{"line":26,"column":34}},"12":{"start":{"line":29,"column":8},"end":{"line":29,"column":20}},"13":{"start":{"line":38,"column":6},"end":{"line":52,"column":8}},"14":{"start":{"line":41,"column":8},"end":{"line":41,"column":49}},"15":{"start":{"line":42,"column":8},"end":{"line":42,"column":72}},"16":{"start":{"line":45,"column":8},"end":{"line":48,"column":9}},"17":{"start":{"line":46,"column":10},"end":{"line":46,"column":62}},"18":{"start":{"line":47,"column":10},"end":{"line":47,"column":73}},"19":{"start":{"line":50,"column":8},"end":{"line":50,"column":20}},"20":{"start":{"line":59,"column":6},"end":{"line":73,"column":8}},"21":{"start":{"line":61,"column":8},"end":{"line":61,"column":35}},"22":{"start":{"line":64,"column":8},"end":{"line":67,"column":9}},"23":{"start":{"line":65,"column":10},"end":{"line":65,"column":70}},"24":{"start":{"line":66,"column":10},"end":{"line":66,"column":73}},"25":{"start":{"line":69,"column":8},"end":{"line":69,"column":37}},"26":{"start":{"line":71,"column":8},"end":{"line":71,"column":20}},"27":{"start":{"line":81,"column":6},"end":{"line":97,"column":8}},"28":{"start":{"line":83,"column":8},"end":{"line":83,"column":49}},"29":{"start":{"line":85,"column":8},"end":{"line":93,"column":9}},"30":{"start":{"line":87,"column":10},"end":{"line":87,"column":53}},"31":{"start":{"line":88,"column":10},"end":{"line":88,"column":53}},"32":{"start":{"line":89,"column":10},"end":{"line":89,"column":64}},"33":{"start":{"line":90,"column":10},"end":{"line":90,"column":95}},"34":{"start":{"line":92,"column":10},"end":{"line":92,"column":95}},"35":{"start":{"line":95,"column":8},"end":{"line":95,"column":20}},"36":{"start":{"line":104,"column":6},"end":{"line":138,"column":8}},"37":{"start":{"line":107,"column":8},"end":{"line":107,"column":61}},"38":{"start":{"line":108,"column":8},"end":{"line":108,"column":72}},"39":{"start":{"line":111,"column":8},"end":{"line":113,"column":9}},"40":{"start":{"line":112,"column":10},"end":{"line":112,"column":73}},"41":{"start":{"line":115,"column":8},"end":{"line":115,"column":29}},"42":{"start":{"line":119,"column":8},"end":{"line":132,"column":9}},"43":{"start":{"line":120,"column":10},"end":{"line":120,"column":32}},"44":{"start":{"line":124,"column":10},"end":{"line":124,"column":57}},"45":{"start":{"line":126,"column":10},"end":{"line":131,"column":13}},"46":{"start":{"line":127,"column":12},"end":{"line":127,"column":43}},"47":{"start":{"line":128,"column":12},"end":{"line":130,"column":13}},"48":{"start":{"line":129,"column":14},"end":{"line":129,"column":48}},"49":{"start":{"line":134,"column":8},"end":{"line":134,"column":44}},"50":{"start":{"line":136,"column":8},"end":{"line":136,"column":20}},"51":{"start":{"line":145,"column":6},"end":{"line":154,"column":8}},"52":{"start":{"line":148,"column":8},"end":{"line":150,"column":9}},"53":{"start":{"line":149,"column":10},"end":{"line":149,"column":73}},"54":{"start":{"line":152,"column":8},"end":{"line":152,"column":20}}},"branchMap":{"1":{"line":12,"type":"if","locations":[{"start":{"line":12,"column":8},"end":{"line":12,"column":8}},{"start":{"line":12,"column":8},"end":{"line":12,"column":8}}]},"2":{"line":12,"type":"binary-expr","locations":[{"start":{"line":12,"column":12},"end":{"line":12,"column":42}},{"start":{"line":12,"column":46},"end":{"line":12,"column":78}}]},"3":{"line":21,"type":"if","locations":[{"start":{"line":21,"column":8},"end":{"line":21,"column":8}},{"start":{"line":21,"column":8},"end":{"line":21,"column":8}}]},"4":{"line":45,"type":"if","locations":[{"start":{"line":45,"column":8},"end":{"line":45,"column":8}},{"start":{"line":45,"column":8},"end":{"line":45,"column":8}}]},"5":{"line":64,"type":"if","locations":[{"start":{"line":64,"column":8},"end":{"line":64,"column":8}},{"start":{"line":64,"column":8},"end":{"line":64,"column":8}}]},"6":{"line":85,"type":"if","locations":[{"start":{"line":85,"column":8},"end":{"line":85,"column":8}},{"start":{"line":85,"column":8},"end":{"line":85,"column":8}}]},"7":{"line":89,"type":"cond-expr","locations":[{"start":{"line":89,"column":44},"end":{"line":89,"column":52}},{"start":{"line":89,"column":55},"end":{"line":89,"column":63}}]},"8":{"line":90,"type":"cond-expr","locations":[{"start":{"line":90,"column":50},"end":{"line":90,"column":77}},{"start":{"line":90,"column":80},"end":{"line":90,"column":94}}]},"9":{"line":111,"type":"if","locations":[{"start":{"line":111,"column":8},"end":{"line":111,"column":8}},{"start":{"line":111,"column":8},"end":{"line":111,"column":8}}]},"10":{"line":119,"type":"if","locations":[{"start":{"line":119,"column":8},"end":{"line":119,"column":8}},{"start":{"line":119,"column":8},"end":{"line":119,"column":8}}]},"11":{"line":128,"type":"if","locations":[{"start":{"line":128,"column":12},"end":{"line":128,"column":12}},{"start":{"line":128,"column":12},"end":{"line":128,"column":12}}]},"12":{"line":148,"type":"if","locations":[{"start":{"line":148,"column":8},"end":{"line":148,"column":8}},{"start":{"line":148,"column":8},"end":{"line":148,"column":8}}]},"13":{"line":149,"type":"cond-expr","locations":[{"start":{"line":149,"column":47},"end":{"line":149,"column":67}},{"start":{"line":149,"column":70},"end":{"line":149,"column":72}}]}}},"src\\app\\js\\flickrItems\\FlickrItemService.js":{"path":"src\\app\\js\\flickrItems\\FlickrItemService.js","s":{"1":1,"2":1,"3":1,"4":0,"5":0,"6":0,"7":0,"8":0,"9":0,"10":0,"11":0,"12":0,"13":0,"14":0,"15":0,"16":0,"17":0,"18":0,"19":0,"20":0,"21":0},"b":{"1":[0,0]},"f":{"1":1,"2":0,"3":0,"4":0,"5":0,"6":0,"7":0},"fnMap":{"1":{"name":"(anonymous_1)","line":1,"loc":{"start":{"line":1,"column":1},"end":{"line":1,"column":11}}},"2":{"name":"ItemService","line":16,"loc":{"start":{"line":16,"column":2},"end":{"line":18,"column":83}}},"3":{"name":"(anonymous_3)","line":26,"loc":{"start":{"line":26,"column":24},"end":{"line":26,"column":39}}},"4":{"name":"(anonymous_4)","line":38,"loc":{"start":{"line":38,"column":21},"end":{"line":38,"column":36}}},"5":{"name":"successCallback","line":40,"loc":{"start":{"line":40,"column":10},"end":{"line":40,"column":45}}},"6":{"name":"(anonymous_6)","line":45,"loc":{"start":{"line":45,"column":35},"end":{"line":45,"column":50}}},"7":{"name":"errorCallback","line":57,"loc":{"start":{"line":57,"column":10},"end":{"line":57,"column":43}}}},"statementMap":{"1":{"start":{"line":1,"column":0},"end":{"line":67,"column":5}},"2":{"start":{"line":4,"column":0},"end":{"line":8,"column":52}},"3":{"start":{"line":16,"column":2},"end":{"line":65,"column":3}},"4":{"start":{"line":20,"column":4},"end":{"line":23,"column":23}},"5":{"start":{"line":26,"column":4},"end":{"line":35,"column":6}},"6":{"start":{"line":28,"column":6},"end":{"line":30,"column":7}},"7":{"start":{"line":29,"column":8},"end":{"line":29,"column":18}},"8":{"start":{"line":32,"column":6},"end":{"line":32,"column":42}},"9":{"start":{"line":33,"column":6},"end":{"line":33,"column":38}},"10":{"start":{"line":37,"column":4},"end":{"line":64,"column":6}},"11":{"start":{"line":39,"column":8},"end":{"line":62,"column":11}},"12":{"start":{"line":42,"column":12},"end":{"line":42,"column":44}},"13":{"start":{"line":45,"column":12},"end":{"line":52,"column":15}},"14":{"start":{"line":46,"column":14},"end":{"line":46,"column":41}},"15":{"start":{"line":47,"column":14},"end":{"line":47,"column":44}},"16":{"start":{"line":48,"column":14},"end":{"line":48,"column":48}},"17":{"start":{"line":49,"column":14},"end":{"line":49,"column":47}},"18":{"start":{"line":50,"column":14},"end":{"line":50,"column":49}},"19":{"start":{"line":51,"column":14},"end":{"line":51,"column":42}},"20":{"start":{"line":54,"column":12},"end":{"line":54,"column":25}},"21":{"start":{"line":59,"column":12},"end":{"line":59,"column":94}}},"branchMap":{"1":{"line":28,"type":"if","locations":[{"start":{"line":28,"column":6},"end":{"line":28,"column":6}},{"start":{"line":28,"column":6},"end":{"line":28,"column":6}}]}}}}