{"src\\src\\flickrItems\\FlickrItems.js":{"path":"src\\src\\flickrItems\\FlickrItems.js","s":{"1":1,"2":1},"b":{},"f":{"1":1},"fnMap":{"1":{"name":"(anonymous_1)","line":1,"loc":{"start":{"line":1,"column":1},"end":{"line":1,"column":11}}}},"statementMap":{"1":{"start":{"line":1,"column":0},"end":{"line":8,"column":5}},"2":{"start":{"line":5,"column":2},"end":{"line":5,"column":50}}},"branchMap":{}},"src\\src\\flickrItems\\FlickrItemController.js":{"path":"src\\src\\flickrItems\\FlickrItemController.js","s":{"1":1,"2":1,"3":1,"4":0,"5":0,"6":0,"7":0,"8":0,"9":0,"10":0,"11":0,"12":1,"13":0,"14":0,"15":0,"16":0,"17":1,"18":0,"19":0,"20":0,"21":0,"22":1,"23":0,"24":0,"25":0,"26":1,"27":0,"28":0},"b":{"1":[0,0]},"f":{"1":1,"2":0,"3":0,"4":0,"5":0,"6":0,"7":0,"8":0,"9":0,"10":0,"11":0},"fnMap":{"1":{"name":"(anonymous_1)","line":1,"loc":{"start":{"line":1,"column":1},"end":{"line":1,"column":11}}},"2":{"name":"FlickrItemController","line":17,"loc":{"start":{"line":17,"column":2},"end":{"line":17,"column":88}}},"3":{"name":"(anonymous_3)","line":27,"loc":{"start":{"line":27,"column":13},"end":{"line":27,"column":31}}},"4":{"name":"showItemDetails","line":41,"loc":{"start":{"line":41,"column":4},"end":{"line":41,"column":43}}},"5":{"name":"(anonymous_5)","line":51,"loc":{"start":{"line":51,"column":16},"end":{"line":51,"column":40}}},"6":{"name":"DetailsPanelController","line":61,"loc":{"start":{"line":61,"column":8},"end":{"line":61,"column":56}}},"7":{"name":"(anonymous_7)","line":69,"loc":{"start":{"line":69,"column":31},"end":{"line":69,"column":48}}},"8":{"name":"showTagSearch","line":78,"loc":{"start":{"line":78,"column":4},"end":{"line":78,"column":29}}},"9":{"name":"(anonymous_9)","line":89,"loc":{"start":{"line":89,"column":17},"end":{"line":89,"column":27}}},"10":{"name":"TagsSearchController","line":97,"loc":{"start":{"line":97,"column":6},"end":{"line":97,"column":46}}},"11":{"name":"(anonymous_11)","line":98,"loc":{"start":{"line":98,"column":21},"end":{"line":98,"column":32}}}},"statementMap":{"1":{"start":{"line":1,"column":0},"end":{"line":106,"column":5}},"2":{"start":{"line":3,"column":2},"end":{"line":8,"column":10}},"3":{"start":{"line":17,"column":2},"end":{"line":104,"column":3}},"4":{"start":{"line":18,"column":4},"end":{"line":18,"column":20}},"5":{"start":{"line":19,"column":4},"end":{"line":19,"column":33}},"6":{"start":{"line":20,"column":4},"end":{"line":20,"column":32}},"7":{"start":{"line":21,"column":4},"end":{"line":21,"column":44}},"8":{"start":{"line":22,"column":4},"end":{"line":22,"column":42}},"9":{"start":{"line":25,"column":4},"end":{"line":30,"column":9}},"10":{"start":{"line":28,"column":8},"end":{"line":28,"column":41}},"11":{"start":{"line":29,"column":8},"end":{"line":29,"column":33}},"12":{"start":{"line":41,"column":4},"end":{"line":73,"column":5}},"13":{"start":{"line":42,"column":8},"end":{"line":42,"column":29}},"14":{"start":{"line":44,"column":8},"end":{"line":55,"column":11}},"15":{"start":{"line":52,"column":10},"end":{"line":54,"column":11}},"16":{"start":{"line":53,"column":12},"end":{"line":53,"column":58}},"17":{"start":{"line":61,"column":8},"end":{"line":72,"column":9}},"18":{"start":{"line":62,"column":10},"end":{"line":62,"column":27}},"19":{"start":{"line":63,"column":10},"end":{"line":68,"column":12}},"20":{"start":{"line":69,"column":10},"end":{"line":71,"column":12}},"21":{"start":{"line":70,"column":12},"end":{"line":70,"column":40}},"22":{"start":{"line":78,"column":4},"end":{"line":103,"column":5}},"23":{"start":{"line":80,"column":6},"end":{"line":87,"column":9}},"24":{"start":{"line":89,"column":6},"end":{"line":91,"column":12}},"25":{"start":{"line":90,"column":8},"end":{"line":90,"column":61}},"26":{"start":{"line":97,"column":6},"end":{"line":101,"column":7}},"27":{"start":{"line":98,"column":8},"end":{"line":100,"column":10}},"28":{"start":{"line":99,"column":10},"end":{"line":99,"column":26}}},"branchMap":{"1":{"line":52,"type":"if","locations":[{"start":{"line":52,"column":10},"end":{"line":52,"column":10}},{"start":{"line":52,"column":10},"end":{"line":52,"column":10}}]}}},"src\\src\\flickrItems\\FlickrItemService.js":{"path":"src\\src\\flickrItems\\FlickrItemService.js","s":{"1":1,"2":1,"3":1,"4":0,"5":0,"6":0,"7":0,"8":0,"9":0,"10":0,"11":0,"12":0,"13":0,"14":0,"15":0,"16":0},"b":{},"f":{"1":1,"2":0,"3":0,"4":0,"5":0,"6":0},"fnMap":{"1":{"name":"(anonymous_1)","line":1,"loc":{"start":{"line":1,"column":1},"end":{"line":1,"column":11}}},"2":{"name":"ItemService","line":16,"loc":{"start":{"line":16,"column":2},"end":{"line":18,"column":83}}},"3":{"name":"(anonymous_3)","line":26,"loc":{"start":{"line":26,"column":21},"end":{"line":26,"column":32}}},"4":{"name":"successCallback","line":28,"loc":{"start":{"line":28,"column":10},"end":{"line":28,"column":45}}},"5":{"name":"(anonymous_5)","line":33,"loc":{"start":{"line":33,"column":35},"end":{"line":33,"column":50}}},"6":{"name":"errorCallback","line":45,"loc":{"start":{"line":45,"column":10},"end":{"line":45,"column":43}}}},"statementMap":{"1":{"start":{"line":1,"column":0},"end":{"line":55,"column":5}},"2":{"start":{"line":4,"column":0},"end":{"line":8,"column":52}},"3":{"start":{"line":16,"column":2},"end":{"line":53,"column":3}},"4":{"start":{"line":20,"column":4},"end":{"line":23,"column":29}},"5":{"start":{"line":25,"column":4},"end":{"line":52,"column":6}},"6":{"start":{"line":27,"column":8},"end":{"line":50,"column":11}},"7":{"start":{"line":30,"column":12},"end":{"line":30,"column":44}},"8":{"start":{"line":33,"column":12},"end":{"line":40,"column":15}},"9":{"start":{"line":34,"column":14},"end":{"line":34,"column":41}},"10":{"start":{"line":35,"column":14},"end":{"line":35,"column":44}},"11":{"start":{"line":36,"column":14},"end":{"line":36,"column":48}},"12":{"start":{"line":37,"column":14},"end":{"line":37,"column":47}},"13":{"start":{"line":38,"column":14},"end":{"line":38,"column":49}},"14":{"start":{"line":39,"column":14},"end":{"line":39,"column":42}},"15":{"start":{"line":42,"column":12},"end":{"line":42,"column":25}},"16":{"start":{"line":47,"column":12},"end":{"line":47,"column":94}}},"branchMap":{}}}