TN:
SF:src\app\js\flickrItems\FlickrItems.js
FN:1,(anonymous_1)
FNF:1
FNH:1
FNDA:1,(anonymous_1)
DA:1,1
DA:5,1
LF:2
LH:2
BRF:0
BRH:0
end_of_record
TN:
SF:src\app\js\flickrItems\FlickrItemController.js
FN:1,(anonymous_1)
FN:17,FlickrItemController
FN:36,searchTags
FN:39,(anonymous_4)
FN:49,showItemDetails
FN:59,(anonymous_6)
FN:69,DetailsPanelController
FN:79,(anonymous_8)
FN:83,(anonymous_9)
FN:89,(anonymous_10)
FN:98,showTagSearch
FN:109,(anonymous_12)
FN:117,TagsSearchController
FN:121,(anonymous_14)
FN:126,(anonymous_15)
FNF:15
FNH:1
FNDA:1,(anonymous_1)
FNDA:0,FlickrItemController
FNDA:0,searchTags
FNDA:0,(anonymous_4)
FNDA:0,showItemDetails
FNDA:0,(anonymous_6)
FNDA:0,DetailsPanelController
FNDA:0,(anonymous_8)
FNDA:0,(anonymous_9)
FNDA:0,(anonymous_10)
FNDA:0,showTagSearch
FNDA:0,(anonymous_12)
FNDA:0,TagsSearchController
FNDA:0,(anonymous_14)
FNDA:0,(anonymous_15)
DA:1,1
DA:3,1
DA:17,1
DA:18,0
DA:19,0
DA:20,0
DA:21,0
DA:22,0
DA:23,0
DA:24,0
DA:27,0
DA:36,1
DA:37,0
DA:40,0
DA:49,1
DA:50,0
DA:52,0
DA:60,0
DA:61,0
DA:69,1
DA:71,0
DA:72,0
DA:79,0
DA:80,0
DA:83,0
DA:84,0
DA:85,0
DA:86,0
DA:89,0
DA:90,0
DA:98,1
DA:100,0
DA:109,0
DA:110,0
DA:117,1
DA:119,0
DA:121,0
DA:122,0
DA:123,0
DA:126,0
DA:127,0
LF:41
LH:8
BRDA:60,1,0,0
BRDA:60,1,1,0
BRF:2
BRH:0
end_of_record
TN:
SF:src\app\js\flickrItems\FlickrItemFilters.js
FN:1,(anonymous_1)
FN:7,(anonymous_2)
FN:9,(anonymous_3)
FN:36,(anonymous_4)
FN:38,(anonymous_5)
FN:62,(anonymous_6)
FN:64,(anonymous_7)
FN:90,(anonymous_8)
FN:92,(anonymous_9)
FN:113,(anonymous_10)
FN:115,(anonymous_11)
FN:137,(anonymous_12)
FN:154,(anonymous_13)
FN:156,(anonymous_14)
FNF:14
FNH:7
FNDA:1,(anonymous_1)
FNDA:4,(anonymous_2)
FNDA:5,(anonymous_3)
FNDA:3,(anonymous_4)
FNDA:3,(anonymous_5)
FNDA:3,(anonymous_6)
FNDA:3,(anonymous_7)
FNDA:0,(anonymous_8)
FNDA:0,(anonymous_9)
FNDA:0,(anonymous_10)
FNDA:0,(anonymous_11)
FNDA:0,(anonymous_12)
FNDA:0,(anonymous_13)
FNDA:0,(anonymous_14)
DA:1,1
DA:4,1
DA:9,4
DA:12,5
DA:13,2
DA:17,3
DA:18,3
DA:21,3
DA:22,2
DA:23,2
DA:26,1
DA:29,3
DA:38,3
DA:41,3
DA:42,1
DA:46,2
DA:47,2
DA:50,2
DA:51,1
DA:52,1
DA:55,2
DA:64,3
DA:67,3
DA:68,1
DA:71,2
DA:74,2
DA:75,1
DA:76,1
DA:77,1
DA:79,1
DA:82,2
DA:92,0
DA:94,0
DA:96,0
DA:98,0
DA:99,0
DA:100,0
DA:101,0
DA:103,0
DA:106,0
DA:115,0
DA:118,0
DA:119,0
DA:122,0
DA:123,0
DA:126,0
DA:130,0
DA:131,0
DA:135,0
DA:137,0
DA:138,0
DA:139,0
DA:140,0
DA:145,0
DA:147,0
DA:156,0
DA:159,0
DA:160,0
DA:163,0
LF:59
LH:31
BRDA:12,1,0,2
BRDA:12,1,1,3
BRDA:12,2,0,5
BRDA:12,2,1,4
BRDA:21,3,0,2
BRDA:21,3,1,1
BRDA:41,4,0,1
BRDA:41,4,1,2
BRDA:50,5,0,1
BRDA:50,5,1,1
BRDA:67,6,0,1
BRDA:67,6,1,2
BRDA:74,7,0,1
BRDA:74,7,1,1
BRDA:96,8,0,0
BRDA:96,8,1,0
BRDA:100,9,0,0
BRDA:100,9,1,0
BRDA:101,10,0,0
BRDA:101,10,1,0
BRDA:122,11,0,0
BRDA:122,11,1,0
BRDA:130,12,0,0
BRDA:130,12,1,0
BRDA:139,13,0,0
BRDA:139,13,1,0
BRDA:159,14,0,0
BRDA:159,14,1,0
BRDA:160,15,0,0
BRDA:160,15,1,0
BRF:30
BRH:14
end_of_record
TN:
SF:src\app\js\flickrItems\FlickrItemService.js
FN:1,(anonymous_1)
FN:16,ItemService
FN:26,(anonymous_3)
FN:38,(anonymous_4)
FN:40,successCallback
FN:45,(anonymous_6)
FN:57,errorCallback
FNF:7
FNH:1
FNDA:1,(anonymous_1)
FNDA:0,ItemService
FNDA:0,(anonymous_3)
FNDA:0,(anonymous_4)
FNDA:0,successCallback
FNDA:0,(anonymous_6)
FNDA:0,errorCallback
DA:1,1
DA:4,1
DA:16,1
DA:20,0
DA:26,0
DA:28,0
DA:29,0
DA:32,0
DA:33,0
DA:37,0
DA:39,0
DA:42,0
DA:45,0
DA:46,0
DA:47,0
DA:48,0
DA:49,0
DA:50,0
DA:51,0
DA:54,0
DA:59,0
LF:21
LH:3
BRDA:28,1,0,0
BRDA:28,1,1,0
BRF:2
BRH:0
end_of_record
